<?xml version="1.0" encoding="UTF-8"?>
<!-- Generated by org.testng.reporters.JUnitXMLReporter -->
<testsuite ignored="0" hostname="DESKTOP-QTN8FV9" failures="0" tests="6" name="inetbankingv4 App Test" time="51.541" errors="0" timestamp="13 Aug 2019 00:55:42 GMT">
  <testcase classname="com.inetbankingv4.testcase.TC_001_LoginPageTest" name="isLinkPresentTest" time="0.296"/>
  <testcase classname="com.inetbankingv4.testcase.TC_001_LoginPageTest" name="isLogoPresent" time="0.103"/>
  <testcase classname="com.inetbankingv4.testcase.TC_001_LoginPageTest" name="LoginTest" time="2.063"/>
  <testcase classname="com.inetbankingv4.testcase.TC_002_ManagerPageTest" name="IsMarqueeTextPresentTest" time="0.112"/>
  <testcase classname="com.inetbankingv4.testcase.TC_002_ManagerPageTest" name="addNewCustomerLinkTest" time="1.024"/>
  <testcase classname="com.inetbankingv4.testcase.TC_003_AddCustomerPageTest" name="addCustInfoTest" time="10.792"/>
</testsuite> <!-- inetbankingv4 App Test -->
