<?xml version="1.0" encoding="UTF-8"?>
<!-- Generated by org.testng.reporters.JUnitXMLReporter -->
<testsuite ignored="0" hostname="DESKTOP-QTN8FV9" failures="0" tests="3" name="Default test" time="10.177" errors="0" timestamp="12 Aug. 2019 23:08:37 GMT">
  <testcase classname="com.inetbankingv4.testcase.TC_001_LoginPageTest" name="isLinkPresentTest" time="0.358"/>
  <testcase classname="com.inetbankingv4.testcase.TC_001_LoginPageTest" name="isLogoPresent" time="0.239"/>
  <testcase classname="com.inetbankingv4.testcase.TC_001_LoginPageTest" name="LoginTest" time="2.194"/>
</testsuite> <!-- Default test -->
