<?xml version="1.0" encoding="UTF-8"?>
<!-- Generated by org.testng.reporters.JUnitXMLReporter -->
<testsuite hostname="DESKTOP-QTN8FV9" ignored="0" name="Surefire test" tests="6" failures="0" timestamp="13 Aug 2019 22:15:01 GMT" time="61.651" errors="0">
  <testcase name="isLinkPresentTest" time="0.959" classname="com.inetbankingv4.testcase.TC_001_LoginPageTest"/>
  <testcase name="isLogoPresent" time="0.043" classname="com.inetbankingv4.testcase.TC_001_LoginPageTest"/>
  <testcase name="LoginTest" time="9.772" classname="com.inetbankingv4.testcase.TC_001_LoginPageTest"/>
  <testcase name="IsMarqueeTextPresentTest" time="0.157" classname="com.inetbankingv4.testcase.TC_002_ManagerPageTest"/>
  <testcase name="addNewCustomerLinkTest" time="0.694" classname="com.inetbankingv4.testcase.TC_002_ManagerPageTest"/>
  <testcase name="addCustInfoTest" time="10.409" classname="com.inetbankingv4.testcase.TC_003_AddCustomerPageTest"/>
</testsuite> <!-- Surefire test -->
