<?xml version="1.0" encoding="UTF-8"?>
<testng-results ignored="0" total="6" passed="6" failed="0" skipped="0">
  <reporter-output>
  </reporter-output>
  <suite started-at="2019-08-13T00:54:50Z" name="Suite" finished-at="2019-08-13T00:55:42Z" duration-ms="51541">
    <groups>
    </groups>
    <test started-at="2019-08-13T00:54:50Z" name="inetbankingv4 App Test" finished-at="2019-08-13T00:55:42Z" duration-ms="51541">
      <class name="com.inetbankingv4.testcase.TC_001_LoginPageTest">
        <test-method is-config="true" signature="setUp()[pri:0, instance:com.inetbankingv4.testcase.TC_001_LoginPageTest@6d3a388c]" started-at="2019-08-13T00:54:51Z" name="setUp" finished-at="2019-08-13T00:54:57Z" duration-ms="6913" status="PASS">
          <reporter-output>
          </reporter-output>
        </test-method> <!-- setUp -->
        <test-method signature="isLinkPresentTest()[pri:1, instance:com.inetbankingv4.testcase.TC_001_LoginPageTest@6d3a388c]" started-at="2019-08-13T00:54:57Z" name="isLinkPresentTest" finished-at="2019-08-13T00:54:58Z" duration-ms="296" status="PASS">
          <reporter-output>
          </reporter-output>
        </test-method> <!-- isLinkPresentTest -->
        <test-method signature="isLogoPresent()[pri:2, instance:com.inetbankingv4.testcase.TC_001_LoginPageTest@6d3a388c]" started-at="2019-08-13T00:54:58Z" name="isLogoPresent" finished-at="2019-08-13T00:54:58Z" duration-ms="103" status="PASS">
          <reporter-output>
          </reporter-output>
        </test-method> <!-- isLogoPresent -->
        <test-method signature="LoginTest()[pri:3, instance:com.inetbankingv4.testcase.TC_001_LoginPageTest@6d3a388c]" started-at="2019-08-13T00:54:58Z" name="LoginTest" finished-at="2019-08-13T00:55:00Z" duration-ms="2063" status="PASS">
          <reporter-output>
          </reporter-output>
        </test-method> <!-- LoginTest -->
        <test-method is-config="true" signature="tearDown()[pri:0, instance:com.inetbankingv4.testcase.TC_001_LoginPageTest@6d3a388c]" started-at="2019-08-13T00:55:00Z" name="tearDown" finished-at="2019-08-13T00:55:01Z" duration-ms="1032" status="PASS">
          <reporter-output>
          </reporter-output>
        </test-method> <!-- tearDown -->
      </class> <!-- com.inetbankingv4.testcase.TC_001_LoginPageTest -->
      <class name="com.inetbankingv4.testcase.TC_002_ManagerPageTest">
        <test-method is-config="true" signature="setUp()[pri:0, instance:com.inetbankingv4.testcase.TC_002_ManagerPageTest@193f604a]" started-at="2019-08-13T00:55:01Z" name="setUp" finished-at="2019-08-13T00:55:17Z" duration-ms="15633" status="PASS">
          <reporter-output>
          </reporter-output>
        </test-method> <!-- setUp -->
        <test-method signature="IsMarqueeTextPresentTest()[pri:4, instance:com.inetbankingv4.testcase.TC_002_ManagerPageTest@193f604a]" started-at="2019-08-13T00:55:17Z" name="IsMarqueeTextPresentTest" finished-at="2019-08-13T00:55:17Z" duration-ms="112" status="PASS">
          <reporter-output>
          </reporter-output>
        </test-method> <!-- IsMarqueeTextPresentTest -->
        <test-method signature="addNewCustomerLinkTest()[pri:5, instance:com.inetbankingv4.testcase.TC_002_ManagerPageTest@193f604a]" started-at="2019-08-13T00:55:17Z" name="addNewCustomerLinkTest" finished-at="2019-08-13T00:55:18Z" duration-ms="1024" status="PASS">
          <reporter-output>
          </reporter-output>
        </test-method> <!-- addNewCustomerLinkTest -->
        <test-method is-config="true" signature="tearDown()[pri:0, instance:com.inetbankingv4.testcase.TC_002_ManagerPageTest@193f604a]" started-at="2019-08-13T00:55:18Z" name="tearDown" finished-at="2019-08-13T00:55:19Z" duration-ms="790" status="PASS">
          <reporter-output>
          </reporter-output>
        </test-method> <!-- tearDown -->
      </class> <!-- com.inetbankingv4.testcase.TC_002_ManagerPageTest -->
      <class name="com.inetbankingv4.testcase.TC_003_AddCustomerPageTest">
        <test-method is-config="true" signature="setUp()[pri:0, instance:com.inetbankingv4.testcase.TC_003_AddCustomerPageTest@20f5239f]" started-at="2019-08-13T00:55:19Z" name="setUp" finished-at="2019-08-13T00:55:30Z" duration-ms="11562" status="PASS">
          <reporter-output>
          </reporter-output>
        </test-method> <!-- setUp -->
        <test-method signature="addCustInfoTest()[pri:6, instance:com.inetbankingv4.testcase.TC_003_AddCustomerPageTest@20f5239f]" started-at="2019-08-13T00:55:30Z" name="addCustInfoTest" finished-at="2019-08-13T00:55:41Z" duration-ms="10792" status="PASS">
          <reporter-output>
          </reporter-output>
        </test-method> <!-- addCustInfoTest -->
        <test-method is-config="true" signature="tearDown()[pri:0, instance:com.inetbankingv4.testcase.TC_003_AddCustomerPageTest@20f5239f]" started-at="2019-08-13T00:55:41Z" name="tearDown" finished-at="2019-08-13T00:55:42Z" duration-ms="802" status="PASS">
          <reporter-output>
          </reporter-output>
        </test-method> <!-- tearDown -->
      </class> <!-- com.inetbankingv4.testcase.TC_003_AddCustomerPageTest -->
    </test> <!-- inetbankingv4 App Test -->
  </suite> <!-- Suite -->
</testng-results>
